<?xml version="1.0" encoding="UTF-8"?>
<!-- Generated by org.testng.reporters.JUnitXMLReporter -->
<testsuite hostname="7A2A00VBLM5DFA1" name="Centerstock" tests="1" failures="1" timestamp="10 Aug 2016 09:41:42 GMT" time="125.285" errors="0">
  <testcase name="centerStockTest" time="125.281" classname="com.spicespirittest.testcase.CenterStockTest">
    <failure type="java.lang.AssertionError" message="expected [] but found [采购单创建成功!]">
      <![CDATA[java.lang.AssertionError: expected [] but found [采购单创建成功!]
	at com.spicespirittest.testcase.CenterStockTest.centerStockTest(CenterStockTest.java:15)
... Removed 30 stack frames]]>
    </failure>
  </testcase> <!-- centerStockTest -->
</testsuite> <!-- Centerstock -->
