<?xml version="1.0" encoding="UTF-8"?>
<!-- Generated by org.testng.reporters.JUnitXMLReporter -->
<testsuite hostname="7A2A00VBLM5DFA1" name="LoginTest" tests="1" failures="1" timestamp="2 Aug 2016 10:16:43 GMT" time="0.076" errors="0">
  <testcase name="loginTest" time="0.042" classname="com.spicespirittest.testcase.LoginTest">
    <failure type="java.lang.NullPointerException">
      <![CDATA[java.lang.NullPointerException
	at com.google.common.base.Preconditions.checkNotNull(Preconditions.java:212)
	at org.openqa.selenium.support.ui.FluentWait.<init>(FluentWait.java:102)
	at org.openqa.selenium.support.ui.WebDriverWait.<init>(WebDriverWait.java:71)
	at org.openqa.selenium.support.ui.WebDriverWait.<init>(WebDriverWait.java:45)
	at com.spicespirittest.common.SpiceSpiritBase.waitForElementToLoad(SpiceSpiritBase.java:171)
	at com.spicespirittest.page.Login.checkLoginElement(Login.java:26)
	at com.spicespirittest.testcase.LoginTest.loginTest(LoginTest.java:15)
... Removed 24 stack frames]]>
    </failure>
  </testcase> <!-- loginTest -->
</testsuite> <!-- LoginTest -->
