<?xml version="1.0" encoding="UTF-8"?>
<!-- Generated by org.testng.reporters.JUnitXMLReporter -->
<testsuite hostname="7A2A00VBLM5DFA1" name="LogisticsCreateTodayData" tests="1" failures="1" timestamp="10 Aug 2016 09:38:35 GMT" time="3.99" errors="0">
  <testcase name="logisticsCreateTodayDataTest" time="3.987" classname="com.spicespirittest.testcase.LogisticsCreateTodayDataTest">
    <failure type="java.lang.AssertionError" message="expected [今天的数据已经生成,不用生成数据] but found [今日数据生成完毕]">
      <![CDATA[java.lang.AssertionError: expected [今天的数据已经生成,不用生成数据] but found [今日数据生成完毕]
	at com.spicespirittest.testcase.LogisticsCreateTodayDataTest.logisticsCreateTodayDataTest(LogisticsCreateTodayDataTest.java:14)
... Removed 30 stack frames]]>
    </failure>
  </testcase> <!-- logisticsCreateTodayDataTest -->
</testsuite> <!-- LogisticsCreateTodayData -->
